[2023-09-25 20:26:44] local.ERROR: SQLSTATE[HY000] [2002] No connection could be made because the target machine actively refused it.
 {"userId":1,"exception":"[object] (PDOException(code: 2002): SQLSTATE[HY000] [2002] No connection could be made because the target machine actively refused it.
 at C:\\Users\\domin\\Desktop\\S\\payroll-superadmin-instance - Copy (2)\\vendor\\laravel\\framework\\src\\Illuminate\\Database\\Connectors\\Connector.php:70)
[stacktrace]
#0 C:\\Users\\domin\\Desktop\\S\\payroll-superadmin-instance - Copy (2)\\vendor\\laravel\\framework\\src\\Illuminate\\Database\\Connectors\\Connector.php(70): PDO->__construct('mysql:host=64.2...', 'root', 'Trymenot#123$', Array)
#1 C:\\Users\\domin\\Desktop\\S\\payroll-superadmin-instance - Copy (2)\\vendor\\laravel\\framework\\src\\Illuminate\\Database\\Connectors\\Connector.php(46): Illuminate\\Database\\Connectors\\Connector->createPdoConnection('mysql:host=64.2...', 'root', 'Trymenot#123$', Array)
#2 C:\\Users\\domin\\Desktop\\S\\payroll-superadmin-instance - Copy (2)\\vendor\\laravel\\framework\\src\\Illuminate\\Database\\Connectors\\MySqlConnector.php(24): Illuminate\\Database\\Connectors\\Connector->createConnection('mysql:host=64.2...', Array, Array)
#3 C:\\Users\\domin\\Desktop\\S\\payroll-superadmin-instance - Copy (2)\\vendor\\laravel\\framework\\src\\Illuminate\\Database\\Connectors\\ConnectionFactory.php(182): Illuminate\\Database\\Connectors\\MySqlConnector->connect(Array)
#4 [internal function]: Illuminate\\Database\\Connectors\\ConnectionFactory->Illuminate\\Database\\Connectors\\{closure}()
#5 C:\\Users\\domin\\Desktop\\S\\payroll-superadmin-instance - Copy (2)\\vendor\\laravel\\framework\\src\\Illuminate\\Database\\Connection.php(919): call_user_func(Object(Closure))
#6 C:\\Users\\domin\\Desktop\\S\\payroll-superadmin-instance - Copy (2)\\vendor\\laravel\\framework\\src\\Illuminate\\Database\\DatabaseManager.php(259): Illuminate\\Database\\Connection->getPdo()
#7 C:\\Users\\domin\\Desktop\\S\\payroll-superadmin-instance - Copy (2)\\vendor\\laravel\\framework\\src\\Illuminate\\Database\\DatabaseManager.php(245): Illuminate\\Database\\DatabaseManager->refreshPdoConnections('mysql')
#8 C:\\Users\\domin\\Desktop\\S\\payroll-superadmin-instance - Copy (2)\\vendor\\laravel\\framework\\src\\Illuminate\\Database\\DatabaseManager.php(65): Illuminate\\Database\\DatabaseManager->reconnect('mysql')
#9 [internal function]: Illuminate\\Database\\DatabaseManager->Illuminate\\Database\\{closure}(Object(Illuminate\\Database\\MySqlConnection))
#10 C:\\Users\\domin\\Desktop\\S\\payroll-superadmin-instance - Copy (2)\\vendor\\laravel\\framework\\src\\Illuminate\\Database\\Connection.php(756): call_user_func(Object(Closure), Object(Illuminate\\Database\\MySqlConnection))
#11 C:\\Users\\domin\\Desktop\\S\\payroll-superadmin-instance - Copy (2)\\vendor\\laravel\\framework\\src\\Illuminate\\Database\\Connection.php(736): Illuminate\\Database\\Connection->reconnect()
#12 C:\\Users\\domin\\Desktop\\S\\payroll-superadmin-instance - Copy (2)\\vendor\\laravel\\framework\\src\\Illuminate\\Database\\Connection.php(718): Illuminate\\Database\\Connection->tryAgainIfCausedByLostConnection(Object(Illuminate\\Database\\QueryException), 'select `permiss...', Array, Object(Closure))
#13 C:\\Users\\domin\\Desktop\\S\\payroll-superadmin-instance - Copy (2)\\vendor\\laravel\\framework\\src\\Illuminate\\Database\\Connection.php(627): Illuminate\\Database\\Connection->handleQueryException(Object(Illuminate\\Database\\QueryException), 'select `permiss...', Array, Object(Closure))
#14 C:\\Users\\domin\\Desktop\\S\\payroll-superadmin-instance - Copy (2)\\vendor\\laravel\\framework\\src\\Illuminate\\Database\\Connection.php(333): Illuminate\\Database\\Connection->run('select `permiss...', Array, Object(Closure))
#15 C:\\Users\\domin\\Desktop\\S\\payroll-superadmin-instance - Copy (2)\\vendor\\laravel\\framework\\src\\Illuminate\\Database\\Query\\Builder.php(2130): Illuminate\\Database\\Connection->select('select `permiss...', Array, true)
#16 C:\\Users\\domin\\Desktop\\S\\payroll-superadmin-instance - Copy (2)\\vendor\\laravel\\framework\\src\\Illuminate\\Database\\Query\\Builder.php(2118): Illuminate\\Database\\Query\\Builder->runSelect()
#17 C:\\Users\\domin\\Desktop\\S\\payroll-superadmin-instance - Copy (2)\\vendor\\laravel\\framework\\src\\Illuminate\\Database\\Query\\Builder.php(2604): Illuminate\\Database\\Query\\Builder->Illuminate\\Database\\Query\\{closure}()
#18 C:\\Users\\domin\\Desktop\\S\\payroll-superadmin-instance - Copy (2)\\vendor\\laravel\\framework\\src\\Illuminate\\Database\\Query\\Builder.php(2119): Illuminate\\Database\\Query\\Builder->onceWithColumns(Array, Object(Closure))
#19 C:\\Users\\domin\\Desktop\\S\\payroll-superadmin-instance - Copy (2)\\vendor\\laravel\\framework\\src\\Illuminate\\Database\\Eloquent\\Builder.php(521): Illuminate\\Database\\Query\\Builder->get(Array)
#20 C:\\Users\\domin\\Desktop\\S\\payroll-superadmin-instance - Copy (2)\\vendor\\laravel\\framework\\src\\Illuminate\\Database\\Eloquent\\Relations\\BelongsToMany.php(609): Illuminate\\Database\\Eloquent\\Builder->getModels()
#21 C:\\Users\\domin\\Desktop\\S\\payroll-superadmin-instance - Copy (2)\\vendor\\laravel\\framework\\src\\Illuminate\\Database\\Eloquent\\Relations\\BelongsToMany.php(588): Illuminate\\Database\\Eloquent\\Relations\\BelongsToMany->get()
#22 C:\\Users\\domin\\Desktop\\S\\payroll-superadmin-instance - Copy (2)\\vendor\\laravel\\framework\\src\\Illuminate\\Database\\Eloquent\\Concerns\\HasAttributes.php(425): Illuminate\\Database\\Eloquent\\Relations\\BelongsToMany->getResults()
#23 C:\\Users\\domin\\Desktop\\S\\payroll-superadmin-instance - Copy (2)\\vendor\\laravel\\framework\\src\\Illuminate\\Database\\Eloquent\\Concerns\\HasAttributes.php(397): Illuminate\\Database\\Eloquent\\Model->getRelationshipFromMethod('permissions')
#24 C:\\Users\\domin\\Desktop\\S\\payroll-superadmin-instance - Copy (2)\\vendor\\laravel\\framework\\src\\Illuminate\\Database\\Eloquent\\Concerns\\HasAttributes.php(329): Illuminate\\Database\\Eloquent\\Model->getRelationValue('permissions')
#25 C:\\Users\\domin\\Desktop\\S\\payroll-superadmin-instance - Copy (2)\\vendor\\laravel\\framework\\src\\Illuminate\\Database\\Eloquent\\Model.php(1523): Illuminate\\Database\\Eloquent\\Model->getAttribute('permissions')
#26 C:\\Users\\domin\\Desktop\\S\\payroll-superadmin-instance - Copy (2)\\vendor\\spatie\\laravel-permission\\src\\Traits\\HasPermissions.php(258): Illuminate\\Database\\Eloquent\\Model->__get('permissions')
#27 C:\\Users\\domin\\Desktop\\S\\payroll-superadmin-instance - Copy (2)\\vendor\\spatie\\laravel-permission\\src\\Traits\\HasPermissions.php(141): App\\User->hasDirectPermission(Object(Spatie\\Permission\\Models\\Permission))
#28 C:\\Users\\domin\\Desktop\\S\\payroll-superadmin-instance - Copy (2)\\vendor\\spatie\\laravel-permission\\src\\PermissionRegistrar.php(103): App\\User->hasPermissionTo(Object(Spatie\\Permission\\Models\\Permission))
#29 C:\\Users\\domin\\Desktop\\S\\payroll-superadmin-instance - Copy (2)\\vendor\\laravel\\framework\\src\\Illuminate\\Auth\\Access\\Gate.php(473): Spatie\\Permission\\PermissionRegistrar->Spatie\\Permission\\{closure}(Object(App\\User), 'user.view', Array)
#30 C:\\Users\\domin\\Desktop\\S\\payroll-superadmin-instance - Copy (2)\\vendor\\laravel\\framework\\src\\Illuminate\\Auth\\Access\\Gate.php(348): Illuminate\\Auth\\Access\\Gate->callBeforeCallbacks(Object(App\\User), 'user.view', Array)
#31 C:\\Users\\domin\\Desktop\\S\\payroll-superadmin-instance - Copy (2)\\vendor\\laravel\\framework\\src\\Illuminate\\Auth\\Access\\Gate.php(278): Illuminate\\Auth\\Access\\Gate->raw('user.view', Array)
#32 C:\\Users\\domin\\Desktop\\S\\payroll-superadmin-instance - Copy (2)\\vendor\\laravel\\framework\\src\\Illuminate\\Support\\Collection.php(512): Illuminate\\Auth\\Access\\Gate->Illuminate\\Auth\\Access\\{closure}('user.view', 0)
#33 C:\\Users\\domin\\Desktop\\S\\payroll-superadmin-instance - Copy (2)\\vendor\\laravel\\framework\\src\\Illuminate\\Auth\\Access\\Gate.php(282): Illuminate\\Support\\Collection->every(Object(Closure))
#34 C:\\Users\\domin\\Desktop\\S\\payroll-superadmin-instance - Copy (2)\\vendor\\laravel\\framework\\src\\Illuminate\\Foundation\\Auth\\Access\\Authorizable.php(18): Illuminate\\Auth\\Access\\Gate->check('user.view', Array)
#35 C:\\Users\\domin\\Desktop\\S\\payroll-superadmin-instance - Copy (2)\\app\\Http\\Middleware\\AdminSidebarMenu.php(37): Illuminate\\Foundation\\Auth\\User->can('user.view')
#36 C:\\Users\\domin\\Desktop\\S\\payroll-superadmin-instance - Copy (2)\\vendor\
widart\\laravel-menus\\src\\Menu.php(68): App\\Http\\Middleware\\AdminSidebarMenu->App\\Http\\Middleware\\{closure}(Object(Nwidart\\Menus\\MenuBuilder))
#37 C:\\Users\\domin\\Desktop\\S\\payroll-superadmin-instance - Copy (2)\\vendor\\laravel\\framework\\src\\Illuminate\\Support\\Facades\\Facade.php(239): Nwidart\\Menus\\Menu->create('admin-sidebar-m...', Object(Closure))
#38 C:\\Users\\domin\\Desktop\\S\\payroll-superadmin-instance - Copy (2)\\app\\Http\\Middleware\\AdminSidebarMenu.php(743): Illuminate\\Support\\Facades\\Facade::__callStatic('create', Array)
#39 C:\\Users\\domin\\Desktop\\S\\payroll-superadmin-instance - Copy (2)\\vendor\\laravel\\framework\\src\\Illuminate\\Pipeline\\Pipeline.php(163): App\\Http\\Middleware\\AdminSidebarMenu->handle(Object(Illuminate\\Http\\Request), Object(Closure))
#40 C:\\Users\\domin\\Desktop\\S\\payroll-superadmin-instance - Copy (2)\\vendor\\laravel\\framework\\src\\Illuminate\\Routing\\Pipeline.php(53): Illuminate\\Pipeline\\Pipeline->Illuminate\\Pipeline\\{closure}(Object(Illuminate\\Http\\Request))
#41 C:\\Users\\domin\\Desktop\\S\\payroll-superadmin-instance - Copy (2)\\app\\Http\\Middleware\\Language.php(27): Illuminate\\Routing\\Pipeline->Illuminate\\Routing\\{closure}(Object(Illuminate\\Http\\Request))
#42 C:\\Users\\domin\\Desktop\\S\\payroll-superadmin-instance - Copy (2)\\vendor\\laravel\\framework\\src\\Illuminate\\Pipeline\\Pipeline.php(163): App\\Http\\Middleware\\Language->handle(Object(Illuminate\\Http\\Request), Object(Closure))
#43 C:\\Users\\domin\\Desktop\\S\\payroll-superadmin-instance - Copy (2)\\vendor\\laravel\\framework\\src\\Illuminate\\Routing\\Pipeline.php(53): Illuminate\\Pipeline\\Pipeline->Illuminate\\Pipeline\\{closure}(Object(Illuminate\\Http\\Request))
#44 C:\\Users\\domin\\Desktop\\S\\payroll-superadmin-instance - Copy (2)\\vendor\\laravel\\framework\\src\\Illuminate\\Routing\\Middleware\\SubstituteBindings.php(41): Illuminate\\Routing\\Pipeline->Illuminate\\Routing\\{closure}(Object(Illuminate\\Http\\Request))
#45 C:\\Users\\domin\\Desktop\\S\\payroll-superadmin-instance - Copy (2)\\vendor\\laravel\\framework\\src\\Illuminate\\Pipeline\\Pipeline.php(163): Illuminate\\Routing\\Middleware\\SubstituteBindings->handle(Object(Illuminate\\Http\\Request), Object(Closure))
#46 C:\\Users\\domin\\Desktop\\S\\payroll-superadmin-instance - Copy (2)\\vendor\\laravel\\framework\\src\\Illuminate\\Routing\\Pipeline.php(53): Illuminate\\Pipeline\\Pipeline->Illuminate\\Pipeline\\{closure}(Object(Illuminate\\Http\\Request))
#47 C:\\Users\\domin\\Desktop\\S\\payroll-superadmin-instance - Copy (2)\\vendor\\laravel\\framework\\src\\Illuminate\\Auth\\Middleware\\Authenticate.php(43): Illuminate\\Routing\\Pipeline->Illuminate\\Routing\\{closure}(Object(Illuminate\\Http\\Request))
#48 C:\\Users\\domin\\Desktop\\S\\payroll-superadmin-instance - Copy (2)\\vendor\\laravel\\framework\\src\\Illuminate\\Pipeline\\Pipeline.php(163): Illuminate\\Auth\\Middleware\\Authenticate->handle(Object(Illuminate\\Http\\Request), Object(Closure))
#49 C:\\Users\\domin\\Desktop\\S\\payroll-superadmin-instance - Copy (2)\\vendor\\laravel\\framework\\src\\Illuminate\\Routing\\Pipeline.php(53): Illuminate\\Pipeline\\Pipeline->Illuminate\\Pipeline\\{closure}(Object(Illuminate\\Http\\Request))
#50 C:\\Users\\domin\\Desktop\\S\\payroll-superadmin-instance - Copy (2)\\vendor\\laravel\\framework\\src\\Illuminate\\Foundation\\Http\\Middleware\\VerifyCsrfToken.php(75): Illuminate\\Routing\\Pipeline->Illuminate\\Routing\\{closure}(Object(Illuminate\\Http\\Request))
#51 C:\\Users\\domin\\Desktop\\S\\payroll-superadmin-instance - Copy (2)\\vendor\\laravel\\framework\\src\\Illuminate\\Pipeline\\Pipeline.php(163): Illuminate\\Foundation\\Http\\Middleware\\VerifyCsrfToken->handle(Object(Illuminate\\Http\\Request), Object(Closure))
#52 C:\\Users\\domin\\Desktop\\S\\payroll-superadmin-instance - Copy (2)\\vendor\\laravel\\framework\\src\\Illuminate\\Routing\\Pipeline.php(53): Illuminate\\Pipeline\\Pipeline->Illuminate\\Pipeline\\{closure}(Object(Illuminate\\Http\\Request))
#53 C:\\Users\\domin\\Desktop\\S\\payroll-superadmin-instance - Copy (2)\\vendor\\laravel\\framework\\src\\Illuminate\\View\\Middleware\\ShareErrorsFromSession.php(49): Illuminate\\Routing\\Pipeline->Illuminate\\Routing\\{closure}(Object(Illuminate\\Http\\Request))
#54 C:\\Users\\domin\\Desktop\\S\\payroll-superadmin-instance - Copy (2)\\vendor\\laravel\\framework\\src\\Illuminate\\Pipeline\\Pipeline.php(163): Illuminate\\View\\Middleware\\ShareErrorsFromSession->handle(Object(Illuminate\\Http\\Request), Object(Closure))
#55 C:\\Users\\domin\\Desktop\\S\\payroll-superadmin-instance - Copy (2)\\vendor\\laravel\\framework\\src\\Illuminate\\Routing\\Pipeline.php(53): Illuminate\\Pipeline\\Pipeline->Illuminate\\Pipeline\\{closure}(Object(Illuminate\\Http\\Request))
#56 C:\\Users\\domin\\Desktop\\S\\payroll-superadmin-instance - Copy (2)\\vendor\\laravel\\framework\\src\\Illuminate\\Session\\Middleware\\StartSession.php(56): Illuminate\\Routing\\Pipeline->Illuminate\\Routing\\{closure}(Object(Illuminate\\Http\\Request))
#57 C:\\Users\\domin\\Desktop\\S\\payroll-superadmin-instance - Copy (2)\\vendor\\laravel\\framework\\src\\Illuminate\\Pipeline\\Pipeline.php(163): Illuminate\\Session\\Middleware\\StartSession->handle(Object(Illuminate\\Http\\Request), Object(Closure))
#58 C:\\Users\\domin\\Desktop\\S\\payroll-superadmin-instance - Copy (2)\\vendor\\laravel\\framework\\src\\Illuminate\\Routing\\Pipeline.php(53): Illuminate\\Pipeline\\Pipeline->Illuminate\\Pipeline\\{closure}(Object(Illuminate\\Http\\Request))
#59 C:\\Users\\domin\\Desktop\\S\\payroll-superadmin-instance - Copy (2)\\vendor\\laravel\\framework\\src\\Illuminate\\Cookie\\Middleware\\AddQueuedCookiesToResponse.php(37): Illuminate\\Routing\\Pipeline->Illuminate\\Routing\\{closure}(Object(Illuminate\\Http\\Request))
#60 C:\\Users\\domin\\Desktop\\S\\payroll-superadmin-instance - Copy (2)\\vendor\\laravel\\framework\\src\\Illuminate\\Pipeline\\Pipeline.php(163): Illuminate\\Cookie\\Middleware\\AddQueuedCookiesToResponse->handle(Object(Illuminate\\Http\\Request), Object(Closure))
#61 C:\\Users\\domin\\Desktop\\S\\payroll-superadmin-instance - Copy (2)\\vendor\\laravel\\framework\\src\\Illuminate\\Routing\\Pipeline.php(53): Illuminate\\Pipeline\\Pipeline->Illuminate\\Pipeline\\{closure}(Object(Illuminate\\Http\\Request))
#62 C:\\Users\\domin\\Desktop\\S\\payroll-superadmin-instance - Copy (2)\\vendor\\laravel\\framework\\src\\Illuminate\\Cookie\\Middleware\\EncryptCookies.php(66): Illuminate\\Routing\\Pipeline->Illuminate\\Routing\\{closure}(Object(Illuminate\\Http\\Request))
#63 C:\\Users\\domin\\Desktop\\S\\payroll-superadmin-instance - Copy (2)\\vendor\\laravel\\framework\\src\\Illuminate\\Pipeline\\Pipeline.php(163): Illuminate\\Cookie\\Middleware\\EncryptCookies->handle(Object(Illuminate\\Http\\Request), Object(Closure))
#64 C:\\Users\\domin\\Desktop\\S\\payroll-superadmin-instance - Copy (2)\\vendor\\laravel\\framework\\src\\Illuminate\\Routing\\Pipeline.php(53): Illuminate\\Pipeline\\Pipeline->Illuminate\\Pipeline\\{closure}(Object(Illuminate\\Http\\Request))
#65 C:\\Users\\domin\\Desktop\\S\\payroll-superadmin-instance - Copy (2)\\vendor\\laravel\\framework\\src\\Illuminate\\Pipeline\\Pipeline.php(104): Illuminate\\Routing\\Pipeline->Illuminate\\Routing\\{closure}(Object(Illuminate\\Http\\Request))
#66 C:\\Users\\domin\\Desktop\\S\\payroll-superadmin-instance - Copy (2)\\vendor\\laravel\\framework\\src\\Illuminate\\Routing\\Router.php(682): Illuminate\\Pipeline\\Pipeline->then(Object(Closure))
#67 C:\\Users\\domin\\Desktop\\S\\payroll-superadmin-instance - Copy (2)\\vendor\\laravel\\framework\\src\\Illuminate\\Routing\\Router.php(657): Illuminate\\Routing\\Router->runRouteWithinStack(Object(Illuminate\\Routing\\Route), Object(Illuminate\\Http\\Request))
#68 C:\\Users\\domin\\Desktop\\S\\payroll-superadmin-instance - Copy (2)\\vendor\\laravel\\framework\\src\\Illuminate\\Routing\\Router.php(623): Illuminate\\Routing\\Router->runRoute(Object(Illuminate\\Http\\Request), Object(Illuminate\\Routing\\Route))
#69 C:\\Users\\domin\\Desktop\\S\\payroll-superadmin-instance - Copy (2)\\vendor\\laravel\\framework\\src\\Illuminate\\Routing\\Router.php(612): Illuminate\\Routing\\Router->dispatchToRoute(Object(Illuminate\\Http\\Request))
#70 C:\\Users\\domin\\Desktop\\S\\payroll-superadmin-instance - Copy (2)\\vendor\\laravel\\framework\\src\\Illuminate\\Foundation\\Http\\Kernel.php(176): Illuminate\\Routing\\Router->dispatch(Object(Illuminate\\Http\\Request))
#71 C:\\Users\\domin\\Desktop\\S\\payroll-superadmin-instance - Copy (2)\\vendor\\laravel\\framework\\src\\Illuminate\\Routing\\Pipeline.php(30): Illuminate\\Foundation\\Http\\Kernel->Illuminate\\Foundation\\Http\\{closure}(Object(Illuminate\\Http\\Request))
#72 C:\\Users\\domin\\Desktop\\S\\payroll-superadmin-instance - Copy (2)\\vendor\\barryvdh\\laravel-debugbar\\src\\Middleware\\InjectDebugbar.php(58): Illuminate\\Routing\\Pipeline->Illuminate\\Routing\\{closure}(Object(Illuminate\\Http\\Request))
#73 C:\\Users\\domin\\Desktop\\S\\payroll-superadmin-instance - Copy (2)\\vendor\\laravel\\framework\\src\\Illuminate\\Pipeline\\Pipeline.php(163): Barryvdh\\Debugbar\\Middleware\\InjectDebugbar->handle(Object(Illuminate\\Http\\Request), Object(Closure))
#74 C:\\Users\\domin\\Desktop\\S\\payroll-superadmin-instance - Copy (2)\\vendor\\laravel\\framework\\src\\Illuminate\\Routing\\Pipeline.php(53): Illuminate\\Pipeline\\Pipeline->Illuminate\\Pipeline\\{closure}(Object(Illuminate\\Http\\Request))
#75 C:\\Users\\domin\\Desktop\\S\\payroll-superadmin-instance - Copy (2)\\vendor\\fideloper\\proxy\\src\\TrustProxies.php(57): Illuminate\\Routing\\Pipeline->Illuminate\\Routing\\{closure}(Object(Illuminate\\Http\\Request))
#76 C:\\Users\\domin\\Desktop\\S\\payroll-superadmin-instance - Copy (2)\\vendor\\laravel\\framework\\src\\Illuminate\\Pipeline\\Pipeline.php(163): Fideloper\\Proxy\\TrustProxies->handle(Object(Illuminate\\Http\\Request), Object(Closure))
#77 C:\\Users\\domin\\Desktop\\S\\payroll-superadmin-instance - Copy (2)\\vendor\\laravel\\framework\\src\\Illuminate\\Routing\\Pipeline.php(53): Illuminate\\Pipeline\\Pipeline->Illuminate\\Pipeline\\{closure}(Object(Illuminate\\Http\\Request))
#78 C:\\Users\\domin\\Desktop\\S\\payroll-superadmin-instance - Copy (2)\\vendor\\laravel\\framework\\src\\Illuminate\\Foundation\\Http\\Middleware\\TransformsRequest.php(21): Illuminate\\Routing\\Pipeline->Illuminate\\Routing\\{closure}(Object(Illuminate\\Http\\Request))
#79 C:\\Users\\domin\\Desktop\\S\\payroll-superadmin-instance - Copy (2)\\vendor\\laravel\\framework\\src\\Illuminate\\Pipeline\\Pipeline.php(163): Illuminate\\Foundation\\Http\\Middleware\\TransformsRequest->handle(Object(Illuminate\\Http\\Request), Object(Closure))
#80 C:\\Users\\domin\\Desktop\\S\\payroll-superadmin-instance - Copy (2)\\vendor\\laravel\\framework\\src\\Illuminate\\Routing\\Pipeline.php(53): Illuminate\\Pipeline\\Pipeline->Illuminate\\Pipeline\\{closure}(Object(Illuminate\\Http\\Request))
#81 C:\\Users\\domin\\Desktop\\S\\payroll-superadmin-instance - Copy (2)\\vendor\\laravel\\framework\\src\\Illuminate\\Foundation\\Http\\Middleware\\TransformsRequest.php(21): Illuminate\\Routing\\Pipeline->Illuminate\\Routing\\{closure}(Object(Illuminate\\Http\\Request))
#82 C:\\Users\\domin\\Desktop\\S\\payroll-superadmin-instance - Copy (2)\\vendor\\laravel\\framework\\src\\Illuminate\\Pipeline\\Pipeline.php(163): Illuminate\\Foundation\\Http\\Middleware\\TransformsRequest->handle(Object(Illuminate\\Http\\Request), Object(Closure))
#83 C:\\Users\\domin\\Desktop\\S\\payroll-superadmin-instance - Copy (2)\\vendor\\laravel\\framework\\src\\Illuminate\\Routing\\Pipeline.php(53): Illuminate\\Pipeline\\Pipeline->Illuminate\\Pipeline\\{closure}(Object(Illuminate\\Http\\Request))
#84 C:\\Users\\domin\\Desktop\\S\\payroll-superadmin-instance - Copy (2)\\vendor\\laravel\\framework\\src\\Illuminate\\Foundation\\Http\\Middleware\\ValidatePostSize.php(27): Illuminate\\Routing\\Pipeline->Illuminate\\Routing\\{closure}(Object(Illuminate\\Http\\Request))
#85 C:\\Users\\domin\\Desktop\\S\\payroll-superadmin-instance - Copy (2)\\vendor\\laravel\\framework\\src\\Illuminate\\Pipeline\\Pipeline.php(163): Illuminate\\Foundation\\Http\\Middleware\\ValidatePostSize->handle(Object(Illuminate\\Http\\Request), Object(Closure))
#86 C:\\Users\\domin\\Desktop\\S\\payroll-superadmin-instance - Copy (2)\\vendor\\laravel\\framework\\src\\Illuminate\\Routing\\Pipeline.php(53): Illuminate\\Pipeline\\Pipeline->Illuminate\\Pipeline\\{closure}(Object(Illuminate\\Http\\Request))
#87 C:\\Users\\domin\\Desktop\\S\\payroll-superadmin-instance - Copy (2)\\vendor\\laravel\\framework\\src\\Illuminate\\Foundation\\Http\\Middleware\\CheckForMaintenanceMode.php(62): Illuminate\\Routing\\Pipeline->Illuminate\\Routing\\{closure}(Object(Illuminate\\Http\\Request))
#88 C:\\Users\\domin\\Desktop\\S\\payroll-superadmin-instance - Copy (2)\\vendor\\laravel\\framework\\src\\Illuminate\\Pipeline\\Pipeline.php(163): Illuminate\\Foundation\\Http\\Middleware\\CheckForMaintenanceMode->handle(Object(Illuminate\\Http\\Request), Object(Closure))
#89 C:\\Users\\domin\\Desktop\\S\\payroll-superadmin-instance - Copy (2)\\vendor\\laravel\\framework\\src\\Illuminate\\Routing\\Pipeline.php(53): Illuminate\\Pipeline\\Pipeline->Illuminate\\Pipeline\\{closure}(Object(Illuminate\\Http\\Request))
#90 C:\\Users\\domin\\Desktop\\S\\payroll-superadmin-instance - Copy (2)\\vendor\\laravel\\framework\\src\\Illuminate\\Pipeline\\Pipeline.php(104): Illuminate\\Routing\\Pipeline->Illuminate\\Routing\\{closure}(Object(Illuminate\\Http\\Request))
#91 C:\\Users\\domin\\Desktop\\S\\payroll-superadmin-instance - Copy (2)\\vendor\\laravel\\framework\\src\\Illuminate\\Foundation\\Http\\Kernel.php(151): Illuminate\\Pipeline\\Pipeline->then(Object(Closure))
#92 C:\\Users\\domin\\Desktop\\S\\payroll-superadmin-instance - Copy (2)\\vendor\\laravel\\framework\\src\\Illuminate\\Foundation\\Http\\Kernel.php(116): Illuminate\\Foundation\\Http\\Kernel->sendRequestThroughRouter(Object(Illuminate\\Http\\Request))
#93 C:\\Users\\domin\\Desktop\\S\\payroll-superadmin-instance - Copy (2)\\public\\index.php(53): Illuminate\\Foundation\\Http\\Kernel->handle(Object(Illuminate\\Http\\Request))
#94 C:\\Users\\domin\\Desktop\\S\\payroll-superadmin-instance - Copy (2)\\server.php(21): require_once('C:\\\\Users\\\\domin\\\\...')
#95 {main}
"} 
[2023-09-25 20:28:13] local.EMERGENCY: File:C:\Users\domin\Desktop\S\payroll-superadmin-instance - Copy (2)\vendor\laravel\framework\src\Illuminate\Database\Connection.phpLine:664Message:SQLSTATE[42S22]: Column not found: 1054 Unknown column 'business_id' in 'where clause' (SQL: select `id` from `products` where `business_id` = 38)  
