[2023-09-29 12:46:09] local.ERROR: The Pusher library requires the PHP cURL module. Please ensure it is installed {"exception":"[object] (Pusher\\PusherException(code: 0): The Pusher library requires the PHP cURL module. Please ensure it is installed at /home/okumbodev/Documents/dommysuperadmin/pre/vendor/pusher/pusher-php-server/src/Pusher.php:248)
[stacktrace]
#0 /home/okumbodev/Documents/dommysuperadmin/pre/vendor/pusher/pusher-php-server/src/Pusher.php(72): Pusher\\Pusher->check_compatibility()
#1 /home/okumbodev/Documents/dommysuperadmin/pre/vendor/laravel/framework/src/Illuminate/Broadcasting/BroadcastManager.php(213): Pusher\\Pusher->__construct()
#2 /home/okumbodev/Documents/dommysuperadmin/pre/vendor/laravel/framework/src/Illuminate/Broadcasting/BroadcastManager.php(189): Illuminate\\Broadcasting\\BroadcastManager->createPusherDriver()
#3 /home/okumbodev/Documents/dommysuperadmin/pre/vendor/laravel/framework/src/Illuminate/Broadcasting/BroadcastManager.php(164): Illuminate\\Broadcasting\\BroadcastManager->resolve()
#4 /home/okumbodev/Documents/dommysuperadmin/pre/vendor/laravel/framework/src/Illuminate/Broadcasting/BroadcastManager.php(153): Illuminate\\Broadcasting\\BroadcastManager->get()
#5 /home/okumbodev/Documents/dommysuperadmin/pre/vendor/laravel/framework/src/Illuminate/Broadcasting/BroadcastManager.php(319): Illuminate\\Broadcasting\\BroadcastManager->driver()
#6 /home/okumbodev/Documents/dommysuperadmin/pre/vendor/laravel/framework/src/Illuminate/Support/Facades/Facade.php(239): Illuminate\\Broadcasting\\BroadcastManager->__call()
#7 /home/okumbodev/Documents/dommysuperadmin/pre/routes/channels.php(16): Illuminate\\Support\\Facades\\Facade::__callStatic()
#8 /home/okumbodev/Documents/dommysuperadmin/pre/app/Providers/BroadcastServiceProvider.php(19): require('/home/okumbodev...')
#9 [internal function]: App\\Providers\\BroadcastServiceProvider->boot()
#10 /home/okumbodev/Documents/dommysuperadmin/pre/vendor/laravel/framework/src/Illuminate/Container/BoundMethod.php(32): call_user_func_array()
#11 /home/okumbodev/Documents/dommysuperadmin/pre/vendor/laravel/framework/src/Illuminate/Container/BoundMethod.php(90): Illuminate\\Container\\BoundMethod::Illuminate\\Container\\{closure}()
#12 /home/okumbodev/Documents/dommysuperadmin/pre/vendor/laravel/framework/src/Illuminate/Container/BoundMethod.php(34): Illuminate\\Container\\BoundMethod::callBoundMethod()
#13 /home/okumbodev/Documents/dommysuperadmin/pre/vendor/laravel/framework/src/Illuminate/Container/Container.php(576): Illuminate\\Container\\BoundMethod::call()
#14 /home/okumbodev/Documents/dommysuperadmin/pre/vendor/laravel/framework/src/Illuminate/Foundation/Application.php(827): Illuminate\\Container\\Container->call()
#15 /home/okumbodev/Documents/dommysuperadmin/pre/vendor/laravel/framework/src/Illuminate/Foundation/Application.php(810): Illuminate\\Foundation\\Application->bootProvider()
#16 [internal function]: Illuminate\\Foundation\\Application->Illuminate\\Foundation\\{closure}()
#17 /home/okumbodev/Documents/dommysuperadmin/pre/vendor/laravel/framework/src/Illuminate/Foundation/Application.php(811): array_walk()
#18 /home/okumbodev/Documents/dommysuperadmin/pre/vendor/laravel/framework/src/Illuminate/Foundation/Bootstrap/BootProviders.php(17): Illuminate\\Foundation\\Application->boot()
#19 /home/okumbodev/Documents/dommysuperadmin/pre/vendor/laravel/framework/src/Illuminate/Foundation/Application.php(210): Illuminate\\Foundation\\Bootstrap\\BootProviders->bootstrap()
#20 /home/okumbodev/Documents/dommysuperadmin/pre/vendor/laravel/framework/src/Illuminate/Foundation/Console/Kernel.php(322): Illuminate\\Foundation\\Application->bootstrapWith()
#21 /home/okumbodev/Documents/dommysuperadmin/pre/vendor/laravel/framework/src/Illuminate/Foundation/Console/Kernel.php(131): Illuminate\\Foundation\\Console\\Kernel->bootstrap()
#22 /home/okumbodev/Documents/dommysuperadmin/pre/artisan(35): Illuminate\\Foundation\\Console\\Kernel->handle()
#23 {main}
"} 
[2023-09-29 12:46:10] local.ERROR: The Pusher library requires the PHP cURL module. Please ensure it is installed {"exception":"[object] (Pusher\\PusherException(code: 0): The Pusher library requires the PHP cURL module. Please ensure it is installed at /home/okumbodev/Documents/dommysuperadmin/pre/vendor/pusher/pusher-php-server/src/Pusher.php:248)
[stacktrace]
#0 /home/okumbodev/Documents/dommysuperadmin/pre/vendor/pusher/pusher-php-server/src/Pusher.php(72): Pusher\\Pusher->check_compatibility()
#1 /home/okumbodev/Documents/dommysuperadmin/pre/vendor/laravel/framework/src/Illuminate/Broadcasting/BroadcastManager.php(213): Pusher\\Pusher->__construct()
#2 /home/okumbodev/Documents/dommysuperadmin/pre/vendor/laravel/framework/src/Illuminate/Broadcasting/BroadcastManager.php(189): Illuminate\\Broadcasting\\BroadcastManager->createPusherDriver()
#3 /home/okumbodev/Documents/dommysuperadmin/pre/vendor/laravel/framework/src/Illuminate/Broadcasting/BroadcastManager.php(164): Illuminate\\Broadcasting\\BroadcastManager->resolve()
#4 /home/okumbodev/Documents/dommysuperadmin/pre/vendor/laravel/framework/src/Illuminate/Broadcasting/BroadcastManager.php(153): Illuminate\\Broadcasting\\BroadcastManager->get()
#5 /home/okumbodev/Documents/dommysuperadmin/pre/vendor/laravel/framework/src/Illuminate/Broadcasting/BroadcastManager.php(319): Illuminate\\Broadcasting\\BroadcastManager->driver()
#6 /home/okumbodev/Documents/dommysuperadmin/pre/vendor/laravel/framework/src/Illuminate/Support/Facades/Facade.php(239): Illuminate\\Broadcasting\\BroadcastManager->__call()
#7 /home/okumbodev/Documents/dommysuperadmin/pre/routes/channels.php(16): Illuminate\\Support\\Facades\\Facade::__callStatic()
#8 /home/okumbodev/Documents/dommysuperadmin/pre/app/Providers/BroadcastServiceProvider.php(19): require('/home/okumbodev...')
#9 [internal function]: App\\Providers\\BroadcastServiceProvider->boot()
#10 /home/okumbodev/Documents/dommysuperadmin/pre/vendor/laravel/framework/src/Illuminate/Container/BoundMethod.php(32): call_user_func_array()
#11 /home/okumbodev/Documents/dommysuperadmin/pre/vendor/laravel/framework/src/Illuminate/Container/BoundMethod.php(90): Illuminate\\Container\\BoundMethod::Illuminate\\Container\\{closure}()
#12 /home/okumbodev/Documents/dommysuperadmin/pre/vendor/laravel/framework/src/Illuminate/Container/BoundMethod.php(34): Illuminate\\Container\\BoundMethod::callBoundMethod()
#13 /home/okumbodev/Documents/dommysuperadmin/pre/vendor/laravel/framework/src/Illuminate/Container/Container.php(576): Illuminate\\Container\\BoundMethod::call()
#14 /home/okumbodev/Documents/dommysuperadmin/pre/vendor/laravel/framework/src/Illuminate/Foundation/Application.php(827): Illuminate\\Container\\Container->call()
#15 /home/okumbodev/Documents/dommysuperadmin/pre/vendor/laravel/framework/src/Illuminate/Foundation/Application.php(810): Illuminate\\Foundation\\Application->bootProvider()
#16 [internal function]: Illuminate\\Foundation\\Application->Illuminate\\Foundation\\{closure}()
#17 /home/okumbodev/Documents/dommysuperadmin/pre/vendor/laravel/framework/src/Illuminate/Foundation/Application.php(811): array_walk()
#18 /home/okumbodev/Documents/dommysuperadmin/pre/vendor/laravel/framework/src/Illuminate/Foundation/Bootstrap/BootProviders.php(17): Illuminate\\Foundation\\Application->boot()
#19 /home/okumbodev/Documents/dommysuperadmin/pre/vendor/laravel/framework/src/Illuminate/Foundation/Application.php(210): Illuminate\\Foundation\\Bootstrap\\BootProviders->bootstrap()
#20 /home/okumbodev/Documents/dommysuperadmin/pre/vendor/laravel/framework/src/Illuminate/Foundation/Console/Kernel.php(322): Illuminate\\Foundation\\Application->bootstrapWith()
#21 /home/okumbodev/Documents/dommysuperadmin/pre/vendor/laravel/framework/src/Illuminate/Foundation/Console/Kernel.php(131): Illuminate\\Foundation\\Console\\Kernel->bootstrap()
#22 /home/okumbodev/Documents/dommysuperadmin/pre/artisan(35): Illuminate\\Foundation\\Console\\Kernel->handle()
#23 {main}
"} 
[2023-09-29 12:46:10] local.ERROR: The Pusher library requires the PHP cURL module. Please ensure it is installed {"exception":"[object] (Pusher\\PusherException(code: 0): The Pusher library requires the PHP cURL module. Please ensure it is installed at /home/okumbodev/Documents/dommysuperadmin/pre/vendor/pusher/pusher-php-server/src/Pusher.php:248)
[stacktrace]
#0 /home/okumbodev/Documents/dommysuperadmin/pre/vendor/pusher/pusher-php-server/src/Pusher.php(72): Pusher\\Pusher->check_compatibility()
#1 /home/okumbodev/Documents/dommysuperadmin/pre/vendor/laravel/framework/src/Illuminate/Broadcasting/BroadcastManager.php(213): Pusher\\Pusher->__construct()
#2 /home/okumbodev/Documents/dommysuperadmin/pre/vendor/laravel/framework/src/Illuminate/Broadcasting/BroadcastManager.php(189): Illuminate\\Broadcasting\\BroadcastManager->createPusherDriver()
#3 /home/okumbodev/Documents/dommysuperadmin/pre/vendor/laravel/framework/src/Illuminate/Broadcasting/BroadcastManager.php(164): Illuminate\\Broadcasting\\BroadcastManager->resolve()
#4 /home/okumbodev/Documents/dommysuperadmin/pre/vendor/laravel/framework/src/Illuminate/Broadcasting/BroadcastManager.php(153): Illuminate\\Broadcasting\\BroadcastManager->get()
#5 /home/okumbodev/Documents/dommysuperadmin/pre/vendor/laravel/framework/src/Illuminate/Broadcasting/BroadcastManager.php(319): Illuminate\\Broadcasting\\BroadcastManager->driver()
#6 /home/okumbodev/Documents/dommysuperadmin/pre/vendor/laravel/framework/src/Illuminate/Support/Facades/Facade.php(239): Illuminate\\Broadcasting\\BroadcastManager->__call()
#7 /home/okumbodev/Documents/dommysuperadmin/pre/routes/channels.php(16): Illuminate\\Support\\Facades\\Facade::__callStatic()
#8 /home/okumbodev/Documents/dommysuperadmin/pre/app/Providers/BroadcastServiceProvider.php(19): require('/home/okumbodev...')
#9 [internal function]: App\\Providers\\BroadcastServiceProvider->boot()
#10 /home/okumbodev/Documents/dommysuperadmin/pre/vendor/laravel/framework/src/Illuminate/Container/BoundMethod.php(32): call_user_func_array()
#11 /home/okumbodev/Documents/dommysuperadmin/pre/vendor/laravel/framework/src/Illuminate/Container/BoundMethod.php(90): Illuminate\\Container\\BoundMethod::Illuminate\\Container\\{closure}()
#12 /home/okumbodev/Documents/dommysuperadmin/pre/vendor/laravel/framework/src/Illuminate/Container/BoundMethod.php(34): Illuminate\\Container\\BoundMethod::callBoundMethod()
#13 /home/okumbodev/Documents/dommysuperadmin/pre/vendor/laravel/framework/src/Illuminate/Container/Container.php(576): Illuminate\\Container\\BoundMethod::call()
#14 /home/okumbodev/Documents/dommysuperadmin/pre/vendor/laravel/framework/src/Illuminate/Foundation/Application.php(827): Illuminate\\Container\\Container->call()
#15 /home/okumbodev/Documents/dommysuperadmin/pre/vendor/laravel/framework/src/Illuminate/Foundation/Application.php(810): Illuminate\\Foundation\\Application->bootProvider()
#16 [internal function]: Illuminate\\Foundation\\Application->Illuminate\\Foundation\\{closure}()
#17 /home/okumbodev/Documents/dommysuperadmin/pre/vendor/laravel/framework/src/Illuminate/Foundation/Application.php(811): array_walk()
#18 /home/okumbodev/Documents/dommysuperadmin/pre/vendor/laravel/framework/src/Illuminate/Foundation/Bootstrap/BootProviders.php(17): Illuminate\\Foundation\\Application->boot()
#19 /home/okumbodev/Documents/dommysuperadmin/pre/vendor/laravel/framework/src/Illuminate/Foundation/Application.php(210): Illuminate\\Foundation\\Bootstrap\\BootProviders->bootstrap()
#20 /home/okumbodev/Documents/dommysuperadmin/pre/vendor/laravel/framework/src/Illuminate/Foundation/Console/Kernel.php(322): Illuminate\\Foundation\\Application->bootstrapWith()
#21 /home/okumbodev/Documents/dommysuperadmin/pre/vendor/laravel/framework/src/Illuminate/Foundation/Console/Kernel.php(131): Illuminate\\Foundation\\Console\\Kernel->bootstrap()
#22 /home/okumbodev/Documents/dommysuperadmin/pre/artisan(35): Illuminate\\Foundation\\Console\\Kernel->handle()
#23 {main}
"} 
[2023-09-29 12:46:10] local.ERROR: The Pusher library requires the PHP cURL module. Please ensure it is installed {"exception":"[object] (Pusher\\PusherException(code: 0): The Pusher library requires the PHP cURL module. Please ensure it is installed at /home/okumbodev/Documents/dommysuperadmin/pre/vendor/pusher/pusher-php-server/src/Pusher.php:248)
[stacktrace]
#0 /home/okumbodev/Documents/dommysuperadmin/pre/vendor/pusher/pusher-php-server/src/Pusher.php(72): Pusher\\Pusher->check_compatibility()
#1 /home/okumbodev/Documents/dommysuperadmin/pre/vendor/laravel/framework/src/Illuminate/Broadcasting/BroadcastManager.php(213): Pusher\\Pusher->__construct()
#2 /home/okumbodev/Documents/dommysuperadmin/pre/vendor/laravel/framework/src/Illuminate/Broadcasting/BroadcastManager.php(189): Illuminate\\Broadcasting\\BroadcastManager->createPusherDriver()
#3 /home/okumbodev/Documents/dommysuperadmin/pre/vendor/laravel/framework/src/Illuminate/Broadcasting/BroadcastManager.php(164): Illuminate\\Broadcasting\\BroadcastManager->resolve()
#4 /home/okumbodev/Documents/dommysuperadmin/pre/vendor/laravel/framework/src/Illuminate/Broadcasting/BroadcastManager.php(153): Illuminate\\Broadcasting\\BroadcastManager->get()
#5 /home/okumbodev/Documents/dommysuperadmin/pre/vendor/laravel/framework/src/Illuminate/Broadcasting/BroadcastManager.php(319): Illuminate\\Broadcasting\\BroadcastManager->driver()
#6 /home/okumbodev/Documents/dommysuperadmin/pre/vendor/laravel/framework/src/Illuminate/Support/Facades/Facade.php(239): Illuminate\\Broadcasting\\BroadcastManager->__call()
#7 /home/okumbodev/Documents/dommysuperadmin/pre/routes/channels.php(16): Illuminate\\Support\\Facades\\Facade::__callStatic()
#8 /home/okumbodev/Documents/dommysuperadmin/pre/app/Providers/BroadcastServiceProvider.php(19): require('/home/okumbodev...')
#9 [internal function]: App\\Providers\\BroadcastServiceProvider->boot()
#10 /home/okumbodev/Documents/dommysuperadmin/pre/vendor/laravel/framework/src/Illuminate/Container/BoundMethod.php(32): call_user_func_array()
#11 /home/okumbodev/Documents/dommysuperadmin/pre/vendor/laravel/framework/src/Illuminate/Container/BoundMethod.php(90): Illuminate\\Container\\BoundMethod::Illuminate\\Container\\{closure}()
#12 /home/okumbodev/Documents/dommysuperadmin/pre/vendor/laravel/framework/src/Illuminate/Container/BoundMethod.php(34): Illuminate\\Container\\BoundMethod::callBoundMethod()
#13 /home/okumbodev/Documents/dommysuperadmin/pre/vendor/laravel/framework/src/Illuminate/Container/Container.php(576): Illuminate\\Container\\BoundMethod::call()
#14 /home/okumbodev/Documents/dommysuperadmin/pre/vendor/laravel/framework/src/Illuminate/Foundation/Application.php(827): Illuminate\\Container\\Container->call()
#15 /home/okumbodev/Documents/dommysuperadmin/pre/vendor/laravel/framework/src/Illuminate/Foundation/Application.php(810): Illuminate\\Foundation\\Application->bootProvider()
#16 [internal function]: Illuminate\\Foundation\\Application->Illuminate\\Foundation\\{closure}()
#17 /home/okumbodev/Documents/dommysuperadmin/pre/vendor/laravel/framework/src/Illuminate/Foundation/Application.php(811): array_walk()
#18 /home/okumbodev/Documents/dommysuperadmin/pre/vendor/laravel/framework/src/Illuminate/Foundation/Bootstrap/BootProviders.php(17): Illuminate\\Foundation\\Application->boot()
#19 /home/okumbodev/Documents/dommysuperadmin/pre/vendor/laravel/framework/src/Illuminate/Foundation/Application.php(210): Illuminate\\Foundation\\Bootstrap\\BootProviders->bootstrap()
#20 /home/okumbodev/Documents/dommysuperadmin/pre/vendor/laravel/framework/src/Illuminate/Foundation/Console/Kernel.php(322): Illuminate\\Foundation\\Application->bootstrapWith()
#21 /home/okumbodev/Documents/dommysuperadmin/pre/vendor/laravel/framework/src/Illuminate/Foundation/Console/Kernel.php(131): Illuminate\\Foundation\\Console\\Kernel->bootstrap()
#22 /home/okumbodev/Documents/dommysuperadmin/pre/artisan(35): Illuminate\\Foundation\\Console\\Kernel->handle()
#23 {main}
"} 
[2023-09-29 12:46:10] local.ERROR: The Pusher library requires the PHP cURL module. Please ensure it is installed {"exception":"[object] (Pusher\\PusherException(code: 0): The Pusher library requires the PHP cURL module. Please ensure it is installed at /home/okumbodev/Documents/dommysuperadmin/pre/vendor/pusher/pusher-php-server/src/Pusher.php:248)
[stacktrace]
#0 /home/okumbodev/Documents/dommysuperadmin/pre/vendor/pusher/pusher-php-server/src/Pusher.php(72): Pusher\\Pusher->check_compatibility()
#1 /home/okumbodev/Documents/dommysuperadmin/pre/vendor/laravel/framework/src/Illuminate/Broadcasting/BroadcastManager.php(213): Pusher\\Pusher->__construct()
#2 /home/okumbodev/Documents/dommysuperadmin/pre/vendor/laravel/framework/src/Illuminate/Broadcasting/BroadcastManager.php(189): Illuminate\\Broadcasting\\BroadcastManager->createPusherDriver()
#3 /home/okumbodev/Documents/dommysuperadmin/pre/vendor/laravel/framework/src/Illuminate/Broadcasting/BroadcastManager.php(164): Illuminate\\Broadcasting\\BroadcastManager->resolve()
#4 /home/okumbodev/Documents/dommysuperadmin/pre/vendor/laravel/framework/src/Illuminate/Broadcasting/BroadcastManager.php(153): Illuminate\\Broadcasting\\BroadcastManager->get()
#5 /home/okumbodev/Documents/dommysuperadmin/pre/vendor/laravel/framework/src/Illuminate/Broadcasting/BroadcastManager.php(319): Illuminate\\Broadcasting\\BroadcastManager->driver()
#6 /home/okumbodev/Documents/dommysuperadmin/pre/vendor/laravel/framework/src/Illuminate/Support/Facades/Facade.php(239): Illuminate\\Broadcasting\\BroadcastManager->__call()
#7 /home/okumbodev/Documents/dommysuperadmin/pre/routes/channels.php(16): Illuminate\\Support\\Facades\\Facade::__callStatic()
#8 /home/okumbodev/Documents/dommysuperadmin/pre/app/Providers/BroadcastServiceProvider.php(19): require('/home/okumbodev...')
#9 [internal function]: App\\Providers\\BroadcastServiceProvider->boot()
#10 /home/okumbodev/Documents/dommysuperadmin/pre/vendor/laravel/framework/src/Illuminate/Container/BoundMethod.php(32): call_user_func_array()
#11 /home/okumbodev/Documents/dommysuperadmin/pre/vendor/laravel/framework/src/Illuminate/Container/BoundMethod.php(90): Illuminate\\Container\\BoundMethod::Illuminate\\Container\\{closure}()
#12 /home/okumbodev/Documents/dommysuperadmin/pre/vendor/laravel/framework/src/Illuminate/Container/BoundMethod.php(34): Illuminate\\Container\\BoundMethod::callBoundMethod()
#13 /home/okumbodev/Documents/dommysuperadmin/pre/vendor/laravel/framework/src/Illuminate/Container/Container.php(576): Illuminate\\Container\\BoundMethod::call()
#14 /home/okumbodev/Documents/dommysuperadmin/pre/vendor/laravel/framework/src/Illuminate/Foundation/Application.php(827): Illuminate\\Container\\Container->call()
#15 /home/okumbodev/Documents/dommysuperadmin/pre/vendor/laravel/framework/src/Illuminate/Foundation/Application.php(810): Illuminate\\Foundation\\Application->bootProvider()
#16 [internal function]: Illuminate\\Foundation\\Application->Illuminate\\Foundation\\{closure}()
#17 /home/okumbodev/Documents/dommysuperadmin/pre/vendor/laravel/framework/src/Illuminate/Foundation/Application.php(811): array_walk()
#18 /home/okumbodev/Documents/dommysuperadmin/pre/vendor/laravel/framework/src/Illuminate/Foundation/Bootstrap/BootProviders.php(17): Illuminate\\Foundation\\Application->boot()
#19 /home/okumbodev/Documents/dommysuperadmin/pre/vendor/laravel/framework/src/Illuminate/Foundation/Application.php(210): Illuminate\\Foundation\\Bootstrap\\BootProviders->bootstrap()
#20 /home/okumbodev/Documents/dommysuperadmin/pre/vendor/laravel/framework/src/Illuminate/Foundation/Console/Kernel.php(322): Illuminate\\Foundation\\Application->bootstrapWith()
#21 /home/okumbodev/Documents/dommysuperadmin/pre/vendor/laravel/framework/src/Illuminate/Foundation/Console/Kernel.php(131): Illuminate\\Foundation\\Console\\Kernel->bootstrap()
#22 /home/okumbodev/Documents/dommysuperadmin/pre/artisan(35): Illuminate\\Foundation\\Console\\Kernel->handle()
#23 {main}
"} 
[2023-09-29 12:46:10] .env.ERROR: The Pusher library requires the PHP cURL module. Please ensure it is installed {"exception":"[object] (Pusher\\PusherException(code: 0): The Pusher library requires the PHP cURL module. Please ensure it is installed at /home/okumbodev/Documents/dommysuperadmin/pre/vendor/pusher/pusher-php-server/src/Pusher.php:248)
[stacktrace]
#0 /home/okumbodev/Documents/dommysuperadmin/pre/vendor/pusher/pusher-php-server/src/Pusher.php(72): Pusher\\Pusher->check_compatibility()
#1 /home/okumbodev/Documents/dommysuperadmin/pre/vendor/laravel/framework/src/Illuminate/Broadcasting/BroadcastManager.php(213): Pusher\\Pusher->__construct()
#2 /home/okumbodev/Documents/dommysuperadmin/pre/vendor/laravel/framework/src/Illuminate/Broadcasting/BroadcastManager.php(189): Illuminate\\Broadcasting\\BroadcastManager->createPusherDriver()
#3 /home/okumbodev/Documents/dommysuperadmin/pre/vendor/laravel/framework/src/Illuminate/Broadcasting/BroadcastManager.php(164): Illuminate\\Broadcasting\\BroadcastManager->resolve()
#4 /home/okumbodev/Documents/dommysuperadmin/pre/vendor/laravel/framework/src/Illuminate/Broadcasting/BroadcastManager.php(153): Illuminate\\Broadcasting\\BroadcastManager->get()
#5 /home/okumbodev/Documents/dommysuperadmin/pre/vendor/laravel/framework/src/Illuminate/Broadcasting/BroadcastManager.php(319): Illuminate\\Broadcasting\\BroadcastManager->driver()
#6 /home/okumbodev/Documents/dommysuperadmin/pre/vendor/laravel/framework/src/Illuminate/Support/Facades/Facade.php(239): Illuminate\\Broadcasting\\BroadcastManager->__call()
#7 /home/okumbodev/Documents/dommysuperadmin/pre/routes/channels.php(16): Illuminate\\Support\\Facades\\Facade::__callStatic()
#8 /home/okumbodev/Documents/dommysuperadmin/pre/app/Providers/BroadcastServiceProvider.php(19): require('/home/okumbodev...')
#9 [internal function]: App\\Providers\\BroadcastServiceProvider->boot()
#10 /home/okumbodev/Documents/dommysuperadmin/pre/vendor/laravel/framework/src/Illuminate/Container/BoundMethod.php(32): call_user_func_array()
#11 /home/okumbodev/Documents/dommysuperadmin/pre/vendor/laravel/framework/src/Illuminate/Container/BoundMethod.php(90): Illuminate\\Container\\BoundMethod::Illuminate\\Container\\{closure}()
#12 /home/okumbodev/Documents/dommysuperadmin/pre/vendor/laravel/framework/src/Illuminate/Container/BoundMethod.php(34): Illuminate\\Container\\BoundMethod::callBoundMethod()
#13 /home/okumbodev/Documents/dommysuperadmin/pre/vendor/laravel/framework/src/Illuminate/Container/Container.php(576): Illuminate\\Container\\BoundMethod::call()
#14 /home/okumbodev/Documents/dommysuperadmin/pre/vendor/laravel/framework/src/Illuminate/Foundation/Application.php(827): Illuminate\\Container\\Container->call()
#15 /home/okumbodev/Documents/dommysuperadmin/pre/vendor/laravel/framework/src/Illuminate/Foundation/Application.php(810): Illuminate\\Foundation\\Application->bootProvider()
#16 [internal function]: Illuminate\\Foundation\\Application->Illuminate\\Foundation\\{closure}()
#17 /home/okumbodev/Documents/dommysuperadmin/pre/vendor/laravel/framework/src/Illuminate/Foundation/Application.php(811): array_walk()
#18 /home/okumbodev/Documents/dommysuperadmin/pre/vendor/laravel/framework/src/Illuminate/Foundation/Bootstrap/BootProviders.php(17): Illuminate\\Foundation\\Application->boot()
#19 /home/okumbodev/Documents/dommysuperadmin/pre/vendor/laravel/framework/src/Illuminate/Foundation/Application.php(210): Illuminate\\Foundation\\Bootstrap\\BootProviders->bootstrap()
#20 /home/okumbodev/Documents/dommysuperadmin/pre/vendor/laravel/framework/src/Illuminate/Foundation/Console/Kernel.php(322): Illuminate\\Foundation\\Application->bootstrapWith()
#21 /home/okumbodev/Documents/dommysuperadmin/pre/vendor/laravel/framework/src/Illuminate/Foundation/Console/Kernel.php(131): Illuminate\\Foundation\\Console\\Kernel->bootstrap()
#22 /home/okumbodev/Documents/dommysuperadmin/pre/artisan(35): Illuminate\\Foundation\\Console\\Kernel->handle()
#23 {main}
"} 
